#
# There is insufficient memory for the Java Runtime Environment to continue.
# Native memory allocation (mmap) failed to map 268435456 bytes for Failed to commit area from 0x0000000700a00000 to 0x0000000710a00000 of length 268435456.
# Possible reasons:
#   The system is out of physical RAM or swap space
#   The process is running with CompressedOops enabled, and the Java Heap may be blocking the growth of the native heap
# Possible solutions:
#   Reduce memory load on the system
#   Increase physical memory or swap space
#   Check if swap backing store is full
#   Decrease Java heap size (-Xmx/-Xms)
#   Decrease number of Java threads
#   Decrease Java thread stack sizes (-Xss)
#   Set larger code cache with -XX:ReservedCodeCacheSize=
# This output file may be truncated or incomplete.
#
#  Out of Memory Error (./src/hotspot/os/windows/os_windows.cpp:3387), pid=27912, tid=26704
#
# JRE version:  (11.0.14.1+1) (build )
# Java VM: OpenJDK 64-Bit Server VM (11.0.14.1+1, mixed mode, sharing, tiered, compressed oops, g1 gc, windows-amd64)
# No core dump will be written. Minidumps are not enabled by default on client versions of Windows
#

---------------  S U M M A R Y ------------

Command Line: org.gradle.launcher.GradleMain -Dorg.gradle.jvmargs=-Xmx4096m --stop

Host: Intel(R) Core(TM) i5-6500 CPU @ 3.20GHz, 4 cores, 15G,  Windows 10 , 64 bit Build 19041 (10.0.19041.5072)
Time: Sat Dec  7 16:58:50 2024 대한민국 표준시 elapsed time: 0.012169 seconds (0d 0h 0m 0s)

---------------  T H R E A D  ---------------

Current thread (0x0000028fe289c000):  JavaThread "Unknown thread" [_thread_in_vm, id=26704, stack(0x000000aca4800000,0x000000aca4900000)]

Stack: [0x000000aca4800000,0x000000aca4900000]
Native frames: (J=compiled Java code, j=interpreted, Vv=VM code, C=native code)
V  [jvm.dll+0x61e59a]
V  [jvm.dll+0x7aaca9]
V  [jvm.dll+0x7ac398]
V  [jvm.dll+0x7aca73]
V  [jvm.dll+0x24f9b8]
V  [jvm.dll+0x61b83a]
V  [jvm.dll+0x6100c5]
V  [jvm.dll+0x30772c]
V  [jvm.dll+0x3075b2]
V  [jvm.dll+0x30c2d6]
V  [jvm.dll+0x35272f]
V  [jvm.dll+0x352160]
V  [jvm.dll+0x2e4728]
V  [jvm.dll+0x2e5886]
V  [jvm.dll+0x784b07]
V  [jvm.dll+0x78628f]
V  [jvm.dll+0x35f479]
V  [jvm.dll+0x767aa0]
V  [jvm.dll+0x3ccf1f]
V  [jvm.dll+0x3cf2b1]
C  [jli.dll+0x5207]
C  [ucrtbase.dll+0x21bb2]
C  [KERNEL32.DLL+0x17374]
C  [ntdll.dll+0x4cc91]


---------------  P R O C E S S  ---------------

Threads class SMR info:
_java_thread_list=0x0000028fe27c5860, length=0, elements={
}

Java Threads: ( => current thread )

Other Threads:
  0x0000028fe29ab800 GCTaskThread "GC Thread#0" [stack: 0x000000aca4900000,0x000000aca4a00000] [id=27288]
  0x0000028fe2a09800 ConcurrentGCThread "G1 Main Marker" [stack: 0x000000aca4a00000,0x000000aca4b00000] [id=25624]
  0x0000028fe2a0a800 ConcurrentGCThread "G1 Conc#0" [stack: 0x000000aca4b00000,0x000000aca4c00000] [id=6308]

[error occurred during error reporting (printing all threads), id 0xc0000005, EXCEPTION_ACCESS_VIOLATION (0xc0000005) at pc=0x00007ffe2dfa3ef7]

VM state:not at safepoint (not fully initialized)

VM Mutex/Monitor currently owned by a thread:  ([mutex/lock_event])
[0x0000028fe2994340] Heap_lock - owner thread: 0x0000028fe289c000

Heap address: 0x0000000700a00000, size: 4086 MB, Compressed Oops mode: Non-zero based: 0x0000000700a00000
Narrow klass base: 0x0000000000000000, Narrow klass shift: 0

GC Heap History (0 events):
No events

Deoptimization events (0 events):
No events

Classes redefined (0 events):
No events

Internal exceptions (0 events):
No events

Events (1 events):
Event: 0.005 Loaded shared library D:\Program Files\Unity\Hub\Editor\2022.3.42f1\Editor\Data\PlaybackEngines\AndroidPlayer\OpenJDK\bin\zip.dll


Dynamic libraries:
0x00007ff7501d0000 - 0x00007ff7501dd000 	D:\Program Files\Unity\Hub\Editor\2022.3.42f1\Editor\Data\PlaybackEngines\AndroidPlayer\OpenJDK\bin\java.exe
0x00007ffe97f10000 - 0x00007ffe98108000 	C:\Windows\SYSTEM32\ntdll.dll
0x00007ffe96580000 - 0x00007ffe96642000 	C:\Windows\System32\KERNEL32.DLL
0x00007ffe958c0000 - 0x00007ffe95bbe000 	C:\Windows\System32\KERNELBASE.dll
0x00007ffe957c0000 - 0x00007ffe958c0000 	C:\Windows\System32\ucrtbase.dll
0x00007ffe91cc0000 - 0x00007ffe91cd7000 	D:\Program Files\Unity\Hub\Editor\2022.3.42f1\Editor\Data\PlaybackEngines\AndroidPlayer\OpenJDK\bin\jli.dll
0x00007ffe7f9d0000 - 0x00007ffe7f9e5000 	D:\Program Files\Unity\Hub\Editor\2022.3.42f1\Editor\Data\PlaybackEngines\AndroidPlayer\OpenJDK\bin\VCRUNTIME140.dll
0x00007ffe97070000 - 0x00007ffe9720d000 	C:\Windows\System32\USER32.dll
0x00007ffe95cf0000 - 0x00007ffe95d12000 	C:\Windows\System32\win32u.dll
0x00007ffe97b40000 - 0x00007ffe97b6b000 	C:\Windows\System32\GDI32.dll
0x00007ffe85780000 - 0x00007ffe85a1a000 	C:\Windows\WinSxS\amd64_microsoft.windows.common-controls_6595b64144ccf1df_6.0.19041.4355_none_60b8b9eb71f62e16\COMCTL32.dll
0x00007ffe95dc0000 - 0x00007ffe95ed7000 	C:\Windows\System32\gdi32full.dll
0x00007ffe95d20000 - 0x00007ffe95dbd000 	C:\Windows\System32\msvcp_win.dll
0x00007ffe97210000 - 0x00007ffe972ae000 	C:\Windows\System32\msvcrt.dll
0x00007ffe96650000 - 0x00007ffe9667f000 	C:\Windows\System32\IMM32.DLL
0x00007ffe3ad70000 - 0x00007ffe3ae0b000 	D:\Program Files\Unity\Hub\Editor\2022.3.42f1\Editor\Data\PlaybackEngines\AndroidPlayer\OpenJDK\bin\msvcp140.dll
0x00007ffe2dcb0000 - 0x00007ffe2e831000 	D:\Program Files\Unity\Hub\Editor\2022.3.42f1\Editor\Data\PlaybackEngines\AndroidPlayer\OpenJDK\bin\server\jvm.dll
0x00007ffe97a80000 - 0x00007ffe97b31000 	C:\Windows\System32\ADVAPI32.dll
0x00007ffe96160000 - 0x00007ffe961ff000 	C:\Windows\System32\sechost.dll
0x00007ffe97b70000 - 0x00007ffe97c93000 	C:\Windows\System32\RPCRT4.dll
0x00007ffe95bc0000 - 0x00007ffe95be7000 	C:\Windows\System32\bcrypt.dll
0x00007ffe95fb0000 - 0x00007ffe95fb8000 	C:\Windows\System32\PSAPI.DLL
0x00007ffe8ec30000 - 0x00007ffe8ec39000 	C:\Windows\SYSTEM32\WSOCK32.dll
0x00007ffe8d300000 - 0x00007ffe8d327000 	C:\Windows\SYSTEM32\WINMM.dll
0x00007ffe97000000 - 0x00007ffe9706b000 	C:\Windows\System32\WS2_32.dll
0x00007ffe8ffd0000 - 0x00007ffe8ffda000 	C:\Windows\SYSTEM32\VERSION.dll
0x00007ffe93450000 - 0x00007ffe93462000 	C:\Windows\SYSTEM32\kernel.appcore.dll
0x00007ffe7f9c0000 - 0x00007ffe7f9d0000 	D:\Program Files\Unity\Hub\Editor\2022.3.42f1\Editor\Data\PlaybackEngines\AndroidPlayer\OpenJDK\bin\verify.dll
0x00007ffe8a9a0000 - 0x00007ffe8ab84000 	C:\Windows\SYSTEM32\DBGHELP.DLL
0x00007ffe78f90000 - 0x00007ffe78fc4000 	C:\Windows\SYSTEM32\dbgcore.DLL
0x00007ffe95bf0000 - 0x00007ffe95c72000 	C:\Windows\System32\bcryptPrimitives.dll
0x00007ffe762c0000 - 0x00007ffe762e8000 	D:\Program Files\Unity\Hub\Editor\2022.3.42f1\Editor\Data\PlaybackEngines\AndroidPlayer\OpenJDK\bin\java.dll
0x00007ffe762b0000 - 0x00007ffe762ba000 	D:\Program Files\Unity\Hub\Editor\2022.3.42f1\Editor\Data\PlaybackEngines\AndroidPlayer\OpenJDK\bin\jimage.dll
0x00007ffe69580000 - 0x00007ffe69598000 	D:\Program Files\Unity\Hub\Editor\2022.3.42f1\Editor\Data\PlaybackEngines\AndroidPlayer\OpenJDK\bin\zip.dll

dbghelp: loaded successfully - version: 4.0.5 - missing functions: none
symbol engine: initialized successfully - sym options: 0x614 - pdb path: .;D:\Program Files\Unity\Hub\Editor\2022.3.42f1\Editor\Data\PlaybackEngines\AndroidPlayer\OpenJDK\bin;C:\Windows\SYSTEM32;C:\Windows\WinSxS\amd64_microsoft.windows.common-controls_6595b64144ccf1df_6.0.19041.4355_none_60b8b9eb71f62e16;D:\Program Files\Unity\Hub\Editor\2022.3.42f1\Editor\Data\PlaybackEngines\AndroidPlayer\OpenJDK\bin\server

VM Arguments:
java_command: org.gradle.launcher.GradleMain -Dorg.gradle.jvmargs=-Xmx4096m --stop
java_class_path (initial): D:\Program Files\Unity\Hub\Editor\2022.3.42f1\Editor\Data\PlaybackEngines\AndroidPlayer\Tools\gradle\lib\gradle-launcher-7.5.1.jar
Launcher Type: SUN_STANDARD

[Global flags]
     intx CICompilerCount                          = 3                                         {product} {ergonomic}
     uint ConcGCThreads                            = 1                                         {product} {ergonomic}
     uint G1ConcRefinementThreads                  = 4                                         {product} {ergonomic}
   size_t G1HeapRegionSize                         = 1048576                                   {product} {ergonomic}
    uintx GCDrainStackTargetSize                   = 64                                        {product} {ergonomic}
   size_t InitialHeapSize                          = 268435456                                 {product} {ergonomic}
   size_t MarkStackSize                            = 4194304                                   {product} {ergonomic}
   size_t MaxHeapSize                              = 4284481536                                {product} {ergonomic}
   size_t MinHeapDeltaBytes                        = 1048576                                   {product} {ergonomic}
    uintx NonNMethodCodeHeapSize                   = 5830732                                {pd product} {ergonomic}
    uintx NonProfiledCodeHeapSize                  = 122913754                              {pd product} {ergonomic}
    uintx ProfiledCodeHeapSize                     = 122913754                              {pd product} {ergonomic}
    uintx ReservedCodeCacheSize                    = 251658240                              {pd product} {ergonomic}
     bool SegmentedCodeCache                       = true                                      {product} {ergonomic}
     bool UseCompressedClassPointers               = true                                 {lp64_product} {ergonomic}
     bool UseCompressedOops                        = true                                 {lp64_product} {ergonomic}
     bool UseG1GC                                  = true                                      {product} {ergonomic}
     bool UseLargePagesIndividualAllocation        = false                                  {pd product} {ergonomic}

Logging:
Log output configuration:
 #0: stdout all=warning uptime,level,tags
 #1: stderr all=off uptime,level,tags

Environment Variables:
JAVA_HOME=D:\Program Files\Unity\Hub\Editor\2022.3.42f1\Editor\Data\PlaybackEngines\AndroidPlayer\OpenJDK
PATH=C:\Program Files (x86)\Common Files\Oracle\Java\javapath;C:\Windows\system32;C:\Windows;C:\Windows\System32\Wbem;C:\Windows\System32\WindowsPowerShell\v1.0\;C:\Windows\System32\OpenSSH\;C:\Program Files\dotnet\;C:\Program Files\Git\cmd;C:\ProgramData\miniconda3;C:\ProgramData\miniconda3\Scripts;C:\ProgramData\miniconda3\Library\bin;C:\Users\Administrator\AppData\Local\Microsoft\WindowsApps;C:\Program Files\Bandizip\;C:\Users\Administrator\.dotnet\tools
USERNAME=Administrator
OS=Windows_NT
PROCESSOR_IDENTIFIER=Intel64 Family 6 Model 94 Stepping 3, GenuineIntel



---------------  S Y S T E M  ---------------

OS: Windows 10 , 64 bit Build 19041 (10.0.19041.5072)
OS uptime: 0 days 6:14 hours

CPU:total 4 (initial active 4) (4 cores per cpu, 1 threads per core) family 6 model 94 stepping 3 microcode 0xcc, cmov, cx8, fxsr, mmx, sse, sse2, sse3, ssse3, sse4.1, sse4.2, popcnt, avx, avx2, aes, clmul, erms, rtm, 3dnowpref, lzcnt, tsc, tscinvbit, bmi1, bmi2, adx, fma

Memory: 4k page, system-wide physical 16338M (2787M free)
TotalPageFile size 16338M (AvailPageFile size 46M)
current process WorkingSet (physical memory assigned to process): 10M, peak: 10M
current process commit charge ("private bytes"): 52M, peak: 308M

vm_info: OpenJDK 64-Bit Server VM (11.0.14.1+1) for windows-amd64 JRE (11.0.14.1+1), built on Feb  9 2022 01:48:27 by "" with unknown MS VC++:1916

END.
